c:\users\admin\desktop\blindassassin98\blindassassin\debug\gamescene.obj
c:\users\admin\desktop\blindassassin98\blindassassin\debug\main.obj
c:\users\admin\desktop\blindassassin98\blindassassin\debug\saveloadmanager.obj
c:\users\admin\desktop\blindassassin98\blindassassin\debug\soundmanager.obj
c:\users\admin\desktop\blindassassin98\blindassassin\debug\stageselecscene.obj
c:\users\admin\desktop\blindassassin98\blindassassin\debug\startscene.obj
c:\users\admin\desktop\blindassassin98\blindassassin\debug\targa.obj
c:\users\admin\desktop\blindassassin98\blindassassin\debug\unit.obj
c:\users\admin\desktop\blindassassin98\blindassassin\debug\unitdefinition.obj
c:\users\admin\desktop\blindassassin98\blindassassin\debug\vc100.pdb
c:\users\admin\desktop\blindassassin98\debug\blindassassin.ilk
c:\users\admin\desktop\blindassassin98\debug\blindassassin.exe
c:\users\admin\desktop\blindassassin98\blindassassin\debug\blindassassin.exe.intermediate.manifest
c:\users\admin\desktop\blindassassin98\debug\blindassassin.pdb
c:\program files\ahnlab\safe transaction\log\nzbrco32.log
c:\users\hicho\desktop\새 폴더\blindassassin\blindassassin\debug\vc140.pdb
c:\users\hicho\desktop\새 폴더\blindassassin\blindassassin\debug\vc140.idb
c:\users\hicho\desktop\새 폴더\blindassassin\blindassassin\debug\gamescene.obj
c:\users\hicho\desktop\새 폴더\blindassassin\blindassassin\debug\main.obj
c:\users\hicho\desktop\새 폴더\blindassassin\blindassassin\debug\saveloadmanager.obj
c:\users\hicho\desktop\새 폴더\blindassassin\blindassassin\debug\soundmanager.obj
c:\users\hicho\desktop\새 폴더\blindassassin\blindassassin\debug\stageselecscene.obj
c:\users\hicho\desktop\새 폴더\blindassassin\blindassassin\debug\startscene.obj
c:\users\hicho\desktop\새 폴더\blindassassin\blindassassin\debug\targa.obj
c:\users\hicho\desktop\새 폴더\blindassassin\blindassassin\debug\unit.obj
c:\users\hicho\desktop\새 폴더\blindassassin\blindassassin\debug\unitdefinition.obj
c:\users\hicho\desktop\새 폴더\blindassassin\debug\blindassassin.ilk
c:\users\hicho\desktop\새 폴더\blindassassin\debug\blindassassin.exe
c:\users\hicho\desktop\새 폴더\blindassassin\debug\blindassassin.pdb
c:\users\hicho\desktop\blindassassin98\blindassassin\debug\gamescene.obj
c:\users\hicho\desktop\blindassassin98\blindassassin\debug\main.obj
c:\users\hicho\desktop\blindassassin98\blindassassin\debug\saveloadmanager.obj
c:\users\hicho\desktop\blindassassin98\blindassassin\debug\soundmanager.obj
c:\users\hicho\desktop\blindassassin98\blindassassin\debug\stageselecscene.obj
c:\users\hicho\desktop\blindassassin98\blindassassin\debug\startscene.obj
c:\users\hicho\desktop\blindassassin98\blindassassin\debug\targa.obj
c:\users\hicho\desktop\blindassassin98\blindassassin\debug\unit.obj
c:\users\hicho\desktop\blindassassin98\blindassassin\debug\unitdefinition.obj
c:\users\hicho\desktop\blindassassin98\blindassassin\debug\cl.command.1.tlog
c:\users\hicho\desktop\blindassassin98\blindassassin\debug\cl.read.1.tlog
c:\users\hicho\desktop\blindassassin98\blindassassin\debug\cl.write.1.tlog
c:\users\hicho\desktop\blindassassin98\blindassassin\debug\link.command.1.tlog
c:\users\hicho\desktop\blindassassin98\blindassassin\debug\link.read.1.tlog
c:\users\hicho\desktop\blindassassin98\blindassassin\debug\link.write.1.tlog
c:\users\hicho\desktop\blindassassin98\blindassassin\debug\mt.command.1.tlog
c:\users\hicho\desktop\blindassassin98\blindassassin\debug\mt.read.1.tlog
c:\users\hicho\desktop\blindassassin98\blindassassin\debug\mt.write.1.tlog
c:\users\hicho\desktop\blindassassin98\blindassassin\debug\blindassassin.exe.intermediate.manifest
c:\users\hicho\desktop\blindassassin98\blindassassin\debug\vc100.idb
c:\users\hicho\desktop\blindassassin98\blindassassin\debug\vc140.idb
c:\users\hicho\desktop\blindassassin98\blindassassin\debug\vc100.pdb
c:\users\hicho\desktop\blindassassin98\blindassassin\debug\vc140.pdb
c:\users\hicho\desktop\blindassassin98\debug\blindassassin.exe
c:\users\hicho\desktop\blindassassin98\debug\blindassassin.ilk
c:\users\hicho\desktop\blindassassin98\blindassassin\debug\blindassassin.tlog\cl.command.1.tlog
c:\users\hicho\desktop\blindassassin98\blindassassin\debug\blindassassin.tlog\cl.read.1.tlog
c:\users\hicho\desktop\blindassassin98\blindassassin\debug\blindassassin.tlog\cl.write.1.tlog
c:\users\hicho\desktop\blindassassin98\blindassassin\debug\blindassassin.tlog\link.command.1.tlog
c:\users\hicho\desktop\blindassassin98\blindassassin\debug\blindassassin.tlog\link.read.1.tlog
c:\users\hicho\desktop\blindassassin98\blindassassin\debug\blindassassin.tlog\link.write.1.tlog
